2024-04-23 17:14:28,031 [myid:] - INFO  [main:o.a.z.s.q.QuorumPeerConfig@177] - Reading configuration from: conf/zoo.cfg
2024-04-23 17:14:28,049 [myid:] - WARN  [main:o.a.z.s.u.VerifyingFileFactory@65] - conf/zoo.cfg is relative. Prepend ./ to indicate that you're sure!
2024-04-23 17:14:28,074 [myid:] - INFO  [main:o.a.z.s.q.QuorumPeerConfig@440] - clientPortAddress is 0.0.0.0:2181
2024-04-23 17:14:28,087 [myid:] - INFO  [main:o.a.z.s.q.QuorumPeerConfig@444] - secureClientPort is not set
2024-04-23 17:14:28,088 [myid:] - INFO  [main:o.a.z.s.q.QuorumPeerConfig@460] - observerMasterPort is not set
2024-04-23 17:14:28,089 [myid:] - INFO  [main:o.a.z.s.q.QuorumPeerConfig@477] - metricsProvider.className is org.apache.zookeeper.metrics.impl.DefaultMetricsProvider
2024-04-23 17:14:28,107 [myid:] - INFO  [main:o.a.z.s.DatadirCleanupManager@78] - autopurge.snapRetainCount set to 3
2024-04-23 17:14:28,109 [myid:] - INFO  [main:o.a.z.s.DatadirCleanupManager@79] - autopurge.purgeInterval set to 0
2024-04-23 17:14:28,110 [myid:] - INFO  [main:o.a.z.s.DatadirCleanupManager@101] - Purge task is not scheduled.
2024-04-23 17:14:28,115 [myid:] - WARN  [main:o.a.z.s.q.QuorumPeerMain@139] - Either no config or no quorum defined in config, running in standalone mode
2024-04-23 17:14:28,125 [myid:] - INFO  [main:o.a.z.j.ManagedUtil@46] - Log4j 1.2 jmx support not found; jmx disabled.
2024-04-23 17:14:28,127 [myid:] - INFO  [main:o.a.z.s.q.QuorumPeerConfig@177] - Reading configuration from: conf/zoo.cfg
2024-04-23 17:14:28,132 [myid:] - WARN  [main:o.a.z.s.u.VerifyingFileFactory@65] - conf/zoo.cfg is relative. Prepend ./ to indicate that you're sure!
2024-04-23 17:14:28,148 [myid:] - INFO  [main:o.a.z.s.q.QuorumPeerConfig@440] - clientPortAddress is 0.0.0.0:2181
2024-04-23 17:14:28,149 [myid:] - INFO  [main:o.a.z.s.q.QuorumPeerConfig@444] - secureClientPort is not set
2024-04-23 17:14:28,150 [myid:] - INFO  [main:o.a.z.s.q.QuorumPeerConfig@460] - observerMasterPort is not set
2024-04-23 17:14:28,151 [myid:] - INFO  [main:o.a.z.s.q.QuorumPeerConfig@477] - metricsProvider.className is org.apache.zookeeper.metrics.impl.DefaultMetricsProvider
2024-04-23 17:14:28,155 [myid:] - INFO  [main:o.a.z.s.ZooKeeperServerMain@123] - Starting server
2024-04-23 17:14:28,216 [myid:] - INFO  [main:o.a.z.s.ServerMetrics@64] - ServerMetrics initialized with provider org.apache.zookeeper.metrics.impl.DefaultMetricsProvider@47eaca72
2024-04-23 17:14:28,224 [myid:] - INFO  [main:o.a.z.s.a.DigestAuthenticationProvider@47] - ACL digest algorithm is: SHA1
2024-04-23 17:14:28,225 [myid:] - INFO  [main:o.a.z.s.a.DigestAuthenticationProvider@61] - zookeeper.DigestAuthenticationProvider.enabled = true
2024-04-23 17:14:28,235 [myid:] - INFO  [main:o.a.z.s.p.FileTxnSnapLog@124] - zookeeper.snapshot.trust.empty : false
2024-04-23 17:14:28,293 [myid:] - INFO  [main:o.a.z.ZookeeperBanner@42] - 
2024-04-23 17:14:28,294 [myid:] - INFO  [main:o.a.z.ZookeeperBanner@42] -   ______                  _                                          
2024-04-23 17:14:28,295 [myid:] - INFO  [main:o.a.z.ZookeeperBanner@42] -  |___  /                 | |                                         
2024-04-23 17:14:28,295 [myid:] - INFO  [main:o.a.z.ZookeeperBanner@42] -     / /    ___     ___   | | __   ___    ___   _ __     ___   _ __   
2024-04-23 17:14:28,296 [myid:] - INFO  [main:o.a.z.ZookeeperBanner@42] -    / /    / _ \   / _ \  | |/ /  / _ \  / _ \ | '_ \   / _ \ | '__|
2024-04-23 17:14:28,297 [myid:] - INFO  [main:o.a.z.ZookeeperBanner@42] -   / /__  | (_) | | (_) | |   <  |  __/ |  __/ | |_) | |  __/ | |    
2024-04-23 17:14:28,298 [myid:] - INFO  [main:o.a.z.ZookeeperBanner@42] -  /_____|  \___/   \___/  |_|\_\  \___|  \___| | .__/   \___| |_|
2024-04-23 17:14:28,299 [myid:] - INFO  [main:o.a.z.ZookeeperBanner@42] -                                               | |                     
2024-04-23 17:14:28,301 [myid:] - INFO  [main:o.a.z.ZookeeperBanner@42] -                                               |_|                     
2024-04-23 17:14:28,302 [myid:] - INFO  [main:o.a.z.ZookeeperBanner@42] - 
2024-04-23 17:14:28,311 [myid:] - INFO  [main:o.a.z.Environment@98] - Server environment:zookeeper.version=3.8.4-9316c2a7a97e1666d8f4593f34dd6fc36ecc436c, built on 2024-02-12 22:16 UTC
2024-04-23 17:14:28,313 [myid:] - INFO  [main:o.a.z.Environment@98] - Server environment:host.name=zheweiLaptop.
2024-04-23 17:14:28,314 [myid:] - INFO  [main:o.a.z.Environment@98] - Server environment:java.version=11.0.22
2024-04-23 17:14:28,315 [myid:] - INFO  [main:o.a.z.Environment@98] - Server environment:java.vendor=Ubuntu
2024-04-23 17:14:28,316 [myid:] - INFO  [main:o.a.z.Environment@98] - Server environment:java.home=/usr/lib/jvm/java-11-openjdk-amd64
2024-04-23 17:14:28,317 [myid:] - INFO  [main:o.a.z.Environment@98] - Server environment:java.class.path=/mnt/c/Users/shi/apache-zookeeper-3.8.4-bin/bin/../zookeeper-server/target/classes:/mnt/c/Users/shi/apache-zookeeper-3.8.4-bin/bin/../build/classes:/mnt/c/Users/shi/apache-zookeeper-3.8.4-bin/bin/../zookeeper-server/target/lib/*.jar:/mnt/c/Users/shi/apache-zookeeper-3.8.4-bin/bin/../build/lib/*.jar:/mnt/c/Users/shi/apache-zookeeper-3.8.4-bin/bin/../lib/zookeeper-prometheus-metrics-3.8.4.jar:/mnt/c/Users/shi/apache-zookeeper-3.8.4-bin/bin/../lib/zookeeper-jute-3.8.4.jar:/mnt/c/Users/shi/apache-zookeeper-3.8.4-bin/bin/../lib/zookeeper-3.8.4.jar:/mnt/c/Users/shi/apache-zookeeper-3.8.4-bin/bin/../lib/snappy-java-1.1.10.5.jar:/mnt/c/Users/shi/apache-zookeeper-3.8.4-bin/bin/../lib/slf4j-api-1.7.30.jar:/mnt/c/Users/shi/apache-zookeeper-3.8.4-bin/bin/../lib/simpleclient_servlet-0.9.0.jar:/mnt/c/Users/shi/apache-zookeeper-3.8.4-bin/bin/../lib/simpleclient_hotspot-0.9.0.jar:/mnt/c/Users/shi/apache-zookeeper-3.8.4-bin/bin/../lib/simpleclient_common-0.9.0.jar:/mnt/c/Users/shi/apache-zookeeper-3.8.4-bin/bin/../lib/simpleclient-0.9.0.jar:/mnt/c/Users/shi/apache-zookeeper-3.8.4-bin/bin/../lib/netty-transport-native-unix-common-4.1.105.Final.jar:/mnt/c/Users/shi/apache-zookeeper-3.8.4-bin/bin/../lib/netty-transport-native-epoll-4.1.105.Final.jar:/mnt/c/Users/shi/apache-zookeeper-3.8.4-bin/bin/../lib/netty-transport-classes-epoll-4.1.105.Final.jar:/mnt/c/Users/shi/apache-zookeeper-3.8.4-bin/bin/../lib/netty-transport-4.1.105.Final.jar:/mnt/c/Users/shi/apache-zookeeper-3.8.4-bin/bin/../lib/netty-resolver-4.1.105.Final.jar:/mnt/c/Users/shi/apache-zookeeper-3.8.4-bin/bin/../lib/netty-handler-4.1.105.Final.jar:/mnt/c/Users/shi/apache-zookeeper-3.8.4-bin/bin/../lib/netty-common-4.1.105.Final.jar:/mnt/c/Users/shi/apache-zookeeper-3.8.4-bin/bin/../lib/netty-codec-4.1.105.Final.jar:/mnt/c/Users/shi/apache-zookeeper-3.8.4-bin/bin/../lib/netty-buffer-4.1.105.Final.jar:/mnt/c/Users/shi/apache-zookeeper-3.8.4-bin/bin/../lib/metrics-core-4.1.12.1.jar:/mnt/c/Users/shi/apache-zookeeper-3.8.4-bin/bin/../lib/logback-core-1.2.13.jar:/mnt/c/Users/shi/apache-zookeeper-3.8.4-bin/bin/../lib/logback-classic-1.2.13.jar:/mnt/c/Users/shi/apache-zookeeper-3.8.4-bin/bin/../lib/jline-2.14.6.jar:/mnt/c/Users/shi/apache-zookeeper-3.8.4-bin/bin/../lib/jetty-util-ajax-9.4.53.v20231009.jar:/mnt/c/Users/shi/apache-zookeeper-3.8.4-bin/bin/../lib/jetty-util-9.4.53.v20231009.jar:/mnt/c/Users/shi/apache-zookeeper-3.8.4-bin/bin/../lib/jetty-servlet-9.4.53.v20231009.jar:/mnt/c/Users/shi/apache-zookeeper-3.8.4-bin/bin/../lib/jetty-server-9.4.53.v20231009.jar:/mnt/c/Users/shi/apache-zookeeper-3.8.4-bin/bin/../lib/jetty-security-9.4.53.v20231009.jar:/mnt/c/Users/shi/apache-zookeeper-3.8.4-bin/bin/../lib/jetty-io-9.4.53.v20231009.jar:/mnt/c/Users/shi/apache-zookeeper-3.8.4-bin/bin/../lib/jetty-http-9.4.53.v20231009.jar:/mnt/c/Users/shi/apache-zookeeper-3.8.4-bin/bin/../lib/javax.servlet-api-3.1.0.jar:/mnt/c/Users/shi/apache-zookeeper-3.8.4-bin/bin/../lib/jackson-databind-2.15.2.jar:/mnt/c/Users/shi/apache-zookeeper-3.8.4-bin/bin/../lib/jackson-core-2.15.2.jar:/mnt/c/Users/shi/apache-zookeeper-3.8.4-bin/bin/../lib/jackson-annotations-2.15.2.jar:/mnt/c/Users/shi/apache-zookeeper-3.8.4-bin/bin/../lib/commons-io-2.11.0.jar:/mnt/c/Users/shi/apache-zookeeper-3.8.4-bin/bin/../lib/commons-cli-1.5.0.jar:/mnt/c/Users/shi/apache-zookeeper-3.8.4-bin/bin/../lib/audience-annotations-0.12.0.jar:/mnt/c/Users/shi/apache-zookeeper-3.8.4-bin/bin/../zookeeper-*.jar:/mnt/c/Users/shi/apache-zookeeper-3.8.4-bin/bin/../zookeeper-server/src/main/resources/lib/*.jar:/mnt/c/Users/shi/apache-zookeeper-3.8.4-bin/bin/../conf:
2024-04-23 17:14:28,318 [myid:] - INFO  [main:o.a.z.Environment@98] - Server environment:java.library.path=/usr/java/packages/lib:/usr/lib/x86_64-linux-gnu/jni:/lib/x86_64-linux-gnu:/usr/lib/x86_64-linux-gnu:/usr/lib/jni:/lib:/usr/lib
2024-04-23 17:14:28,319 [myid:] - INFO  [main:o.a.z.Environment@98] - Server environment:java.io.tmpdir=/tmp
2024-04-23 17:14:28,321 [myid:] - INFO  [main:o.a.z.Environment@98] - Server environment:java.compiler=<NA>
2024-04-23 17:14:28,322 [myid:] - INFO  [main:o.a.z.Environment@98] - Server environment:os.name=Linux
2024-04-23 17:14:28,323 [myid:] - INFO  [main:o.a.z.Environment@98] - Server environment:os.arch=amd64
2024-04-23 17:14:28,324 [myid:] - INFO  [main:o.a.z.Environment@98] - Server environment:os.version=5.15.146.1-microsoft-standard-WSL2
2024-04-23 17:14:28,324 [myid:] - INFO  [main:o.a.z.Environment@98] - Server environment:user.name=zhe
2024-04-23 17:14:28,325 [myid:] - INFO  [main:o.a.z.Environment@98] - Server environment:user.home=/home/zhe
2024-04-23 17:14:28,326 [myid:] - INFO  [main:o.a.z.Environment@98] - Server environment:user.dir=/mnt/c/Users/shi/apache-zookeeper-3.8.4-bin
2024-04-23 17:14:28,327 [myid:] - INFO  [main:o.a.z.Environment@98] - Server environment:os.memory.free=137MB
2024-04-23 17:14:28,328 [myid:] - INFO  [main:o.a.z.Environment@98] - Server environment:os.memory.max=1000MB
2024-04-23 17:14:28,329 [myid:] - INFO  [main:o.a.z.Environment@98] - Server environment:os.memory.total=156MB
2024-04-23 17:14:28,331 [myid:] - INFO  [main:o.a.z.s.ZooKeeperServer@140] - zookeeper.enableEagerACLCheck = false
2024-04-23 17:14:28,332 [myid:] - INFO  [main:o.a.z.s.ZooKeeperServer@153] - zookeeper.digest.enabled = true
2024-04-23 17:14:28,333 [myid:] - INFO  [main:o.a.z.s.ZooKeeperServer@157] - zookeeper.closeSessionTxn.enabled = true
2024-04-23 17:14:28,334 [myid:] - INFO  [main:o.a.z.s.ZooKeeperServer@1510] - zookeeper.flushDelay = 0 ms
2024-04-23 17:14:28,335 [myid:] - INFO  [main:o.a.z.s.ZooKeeperServer@1519] - zookeeper.maxWriteQueuePollTime = 0 ms
2024-04-23 17:14:28,336 [myid:] - INFO  [main:o.a.z.s.ZooKeeperServer@1528] - zookeeper.maxBatchSize=1000
2024-04-23 17:14:28,336 [myid:] - INFO  [main:o.a.z.s.ZooKeeperServer@275] - zookeeper.intBufferStartingSizeBytes = 1024
2024-04-23 17:14:28,340 [myid:] - INFO  [main:o.a.z.s.BlueThrottle@141] - Weighed connection throttling is disabled
2024-04-23 17:14:28,345 [myid:] - INFO  [main:o.a.z.s.ZooKeeperServer@1311] - minSessionTimeout set to 4000 ms
2024-04-23 17:14:28,346 [myid:] - INFO  [main:o.a.z.s.ZooKeeperServer@1320] - maxSessionTimeout set to 40000 ms
2024-04-23 17:14:28,350 [myid:] - INFO  [main:o.a.z.s.ResponseCache@45] - getData response cache size is initialized with value 400.
2024-04-23 17:14:28,351 [myid:] - INFO  [main:o.a.z.s.ResponseCache@45] - getChildren response cache size is initialized with value 400.
2024-04-23 17:14:28,354 [myid:] - INFO  [main:o.a.z.s.u.RequestPathMetricsCollector@109] - zookeeper.pathStats.slotCapacity = 60
2024-04-23 17:14:28,355 [myid:] - INFO  [main:o.a.z.s.u.RequestPathMetricsCollector@110] - zookeeper.pathStats.slotDuration = 15
2024-04-23 17:14:28,355 [myid:] - INFO  [main:o.a.z.s.u.RequestPathMetricsCollector@111] - zookeeper.pathStats.maxDepth = 6
2024-04-23 17:14:28,356 [myid:] - INFO  [main:o.a.z.s.u.RequestPathMetricsCollector@112] - zookeeper.pathStats.initialDelay = 5
2024-04-23 17:14:28,356 [myid:] - INFO  [main:o.a.z.s.u.RequestPathMetricsCollector@113] - zookeeper.pathStats.delay = 5
2024-04-23 17:14:28,357 [myid:] - INFO  [main:o.a.z.s.u.RequestPathMetricsCollector@114] - zookeeper.pathStats.enabled = false
2024-04-23 17:14:28,361 [myid:] - INFO  [main:o.a.z.s.ZooKeeperServer@1547] - The max bytes for all large requests are set to 104857600
2024-04-23 17:14:28,362 [myid:] - INFO  [main:o.a.z.s.ZooKeeperServer@1561] - The large request threshold is set to -1
2024-04-23 17:14:28,365 [myid:] - INFO  [main:o.a.z.s.AuthenticationHelper@66] - zookeeper.enforce.auth.enabled = false
2024-04-23 17:14:28,366 [myid:] - INFO  [main:o.a.z.s.AuthenticationHelper@67] - zookeeper.enforce.auth.schemes = []
2024-04-23 17:14:28,367 [myid:] - INFO  [main:o.a.z.s.ZooKeeperServer@376] - Created server with tickTime 2000 ms minSessionTimeout 4000 ms maxSessionTimeout 40000 ms clientPortListenBacklog -1 datadir /mnt/c/Users/shi/apache-zookeeper-3.8.4-bin/data/version-2 snapdir /mnt/c/Users/shi/apache-zookeeper-3.8.4-bin/data/version-2
2024-04-23 17:14:28,449 [myid:] - INFO  [main:o.e.j.u.l.Log@170] - Logging initialized @1899ms to org.eclipse.jetty.util.log.Slf4jLog
2024-04-23 17:14:28,693 [myid:] - WARN  [main:o.e.j.s.h.ContextHandler@1662] - o.e.j.s.ServletContextHandler@1151e434{/,null,STOPPED} contextPath ends with /*
2024-04-23 17:14:28,694 [myid:] - WARN  [main:o.e.j.s.h.ContextHandler@1673] - Empty contextPath
2024-04-23 17:14:28,785 [myid:] - INFO  [main:o.e.j.s.Server@375] - jetty-9.4.53.v20231009; built: 2023-10-09T12:29:09.265Z; git: 27bde00a0b95a1d5bbee0eae7984f891d2d0f8c9; jvm 11.0.22+7-post-Ubuntu-0ubuntu220.04.1
2024-04-23 17:14:28,855 [myid:] - INFO  [main:o.e.j.s.s.DefaultSessionIdManager@334] - DefaultSessionIdManager workerName=node0
2024-04-23 17:14:28,856 [myid:] - INFO  [main:o.e.j.s.s.DefaultSessionIdManager@339] - No SessionScavenger set, using defaults
2024-04-23 17:14:28,861 [myid:] - INFO  [main:o.e.j.s.s.HouseKeeper@132] - node0 Scavenging every 660000ms
2024-04-23 17:14:28,871 [myid:] - WARN  [main:o.e.j.s.ConstraintSecurityHandler@759] - ServletContext@o.e.j.s.ServletContextHandler@1151e434{/,null,STARTING} has uncovered http methods for path: /*
2024-04-23 17:14:28,901 [myid:] - INFO  [main:o.e.j.s.h.ContextHandler@921] - Started o.e.j.s.ServletContextHandler@1151e434{/,null,AVAILABLE}
2024-04-23 17:14:28,936 [myid:] - INFO  [main:o.e.j.s.AbstractConnector@333] - Started ServerConnector@50b5ac82{HTTP/1.1, (http/1.1)}{0.0.0.0:8080}
2024-04-23 17:14:28,937 [myid:] - INFO  [main:o.e.j.s.Server@415] - Started @2387ms
2024-04-23 17:14:28,938 [myid:] - INFO  [main:o.a.z.s.a.JettyAdminServer@196] - Started AdminServer on address 0.0.0.0, port 8080 and command URL /commands
2024-04-23 17:14:28,952 [myid:] - INFO  [main:o.a.z.s.ServerCnxnFactory@169] - Using org.apache.zookeeper.server.NIOServerCnxnFactory as server connection factory
2024-04-23 17:14:28,953 [myid:] - WARN  [main:o.a.z.s.ServerCnxnFactory@309] - maxCnxns is not configured, using default value 0.
2024-04-23 17:14:28,958 [myid:] - INFO  [main:o.a.z.s.NIOServerCnxnFactory@652] - Configuring NIO connection handler with 10s sessionless connection timeout, 2 selector thread(s), 16 worker threads, and 64 kB direct buffers.
2024-04-23 17:14:28,963 [myid:] - INFO  [main:o.a.z.s.NIOServerCnxnFactory@660] - binding to port 0.0.0.0/0.0.0.0:2181
2024-04-23 17:14:29,034 [myid:] - INFO  [main:o.a.z.s.w.WatchManagerFactory@42] - Using org.apache.zookeeper.server.watch.WatchManager as watch manager
2024-04-23 17:14:29,035 [myid:] - INFO  [main:o.a.z.s.w.WatchManagerFactory@42] - Using org.apache.zookeeper.server.watch.WatchManager as watch manager
2024-04-23 17:14:29,038 [myid:] - INFO  [main:o.a.z.s.ZKDatabase@132] - zookeeper.snapshotSizeFactor = 0.33
2024-04-23 17:14:29,038 [myid:] - INFO  [main:o.a.z.s.ZKDatabase@152] - zookeeper.commitLogCount=500
2024-04-23 17:14:29,059 [myid:] - INFO  [main:o.a.z.s.p.SnapStream@61] - zookeeper.snapshot.compression.method = CHECKED
2024-04-23 17:14:29,076 [myid:] - INFO  [main:o.a.z.s.p.FileSnap@85] - Reading snapshot /mnt/c/Users/shi/apache-zookeeper-3.8.4-bin/data/version-2/snapshot.2
2024-04-23 17:14:29,091 [myid:] - INFO  [main:o.a.z.s.DataTree@1717] - The digest in the snapshot has digest version of 2, with zxid as 0x2, and digest value as 2950065435
2024-04-23 17:14:29,127 [myid:] - INFO  [main:o.a.z.s.ZKDatabase@289] - Snapshot loaded in 88 ms, highest zxid is 0x2, digest is 2950065435
2024-04-23 17:14:29,129 [myid:] - INFO  [main:o.a.z.s.p.FileTxnSnapLog@479] - Snapshotting: 0x2 to /mnt/c/Users/shi/apache-zookeeper-3.8.4-bin/data/version-2/snapshot.2
2024-04-23 17:14:29,139 [myid:] - INFO  [main:o.a.z.s.ZooKeeperServer@558] - Snapshot taken in 10 ms
2024-04-23 17:14:29,173 [myid:] - INFO  [ProcessThread(sid:0 cport:2181)::o.a.z.s.PrepRequestProcessor@138] - PrepRequestProcessor (sid:0) started, reconfigEnabled=false
2024-04-23 17:14:29,175 [myid:] - INFO  [main:o.a.z.s.RequestThrottler@75] - zookeeper.request_throttler.shutdownTimeout = 10000 ms
2024-04-23 17:14:29,219 [myid:] - INFO  [main:o.a.z.s.ContainerManager@84] - Using checkIntervalMs=60000 maxPerMinute=10000 maxNeverUsedIntervalMs=0
2024-04-23 17:14:29,221 [myid:] - INFO  [main:o.a.z.a.ZKAuditProvider@42] - ZooKeeper audit is disabled.
